<?xml version="1.0" encoding="UTF-8"?>
<!-- Generated by org.testng.reporters.JUnitReportReporter -->
<testsuite hostname="BIJILI" name="Testcases.Demo_Web_Shop" tests="1" failures="0" timestamp="17 Oct 2020 04:40:18 GMT" time="39.885" errors="0">
  <testcase name="WebShop_Demo" time="39.885" classname="Testcases.Demo_Web_Shop"/>
</testsuite> <!-- Testcases.Demo_Web_Shop -->
